TN:
SF:components\Footer.jsx
FN:6,Footer
FNF:1
FNH:1
FNDA:4,Footer
DA:7,4
LF:1
LH:1
BRF:0
BRH:0
end_of_record
TN:
SF:components\Navbar.jsx
FN:15,Navbar
FN:17,(anonymous_1)
FN:20,(anonymous_2)
FN:67,(anonymous_3)
FNF:4
FNH:3
FNDA:3,Navbar
FNDA:1,(anonymous_1)
FNDA:15,(anonymous_2)
FNDA:0,(anonymous_3)
DA:16,3
DA:17,3
DA:18,3
DA:19,3
DA:20,15
DA:22,3
DA:67,0
LF:7
LH:6
BRDA:51,0,0,3
BRDA:51,0,1,1
BRDA:70,1,0,3
BRDA:70,1,1,1
BRDA:82,2,0,0
BRDA:82,2,1,3
BRDA:83,3,0,0
BRDA:83,3,1,3
BRDA:84,4,0,0
BRDA:84,4,1,3
BRDA:85,5,0,0
BRDA:85,5,1,3
BRDA:86,6,0,0
BRDA:86,6,1,3
BRF:14
BRH:9
end_of_record
TN:
SF:pages\connexion.jsx
FN:5,ConnexionPage
FN:11,(anonymous_1)
FN:15,(anonymous_2)
FN:37,(anonymous_3)
FNF:4
FNH:2
FNDA:2,ConnexionPage
FNDA:1,(anonymous_1)
FNDA:0,(anonymous_2)
FNDA:0,(anonymous_3)
DA:6,2
DA:7,2
DA:8,2
DA:9,2
DA:11,2
DA:12,1
DA:15,2
DA:16,0
DA:18,0
DA:19,0
DA:20,0
DA:22,0
DA:24,0
DA:26,0
DA:27,0
DA:28,0
DA:29,0
DA:32,0
DA:33,0
DA:34,0
DA:35,0
DA:36,0
DA:37,0
DA:38,0
DA:41,0
DA:42,0
DA:46,2
DA:47,1
DA:50,1
DA:95,1
LF:30
LH:11
BRDA:22,0,0,0
BRDA:22,0,1,0
BRDA:26,1,0,0
BRDA:26,1,1,0
BRDA:32,2,0,0
BRDA:32,2,1,0
BRDA:32,3,0,0
BRDA:32,3,1,0
BRDA:46,4,0,1
BRDA:46,4,1,1
BRDA:63,5,0,1
BRDA:63,5,1,0
BRF:12
BRH:3
end_of_record
TN:
SF:pages\index.jsx
FN:6,HomePage
FN:8,(anonymous_1)
FN:11,(anonymous_2)
FN:12,(anonymous_3)
FN:27,(anonymous_4)
FN:97,(anonymous_5)
FN:103,(anonymous_6)
FN:104,(anonymous_7)
FN:105,(anonymous_8)
FN:127,(anonymous_9)
FNF:10
FNH:6
FNDA:4,HomePage
FNDA:4,(anonymous_1)
FNDA:4,(anonymous_2)
FNDA:36,(anonymous_3)
FNDA:4,(anonymous_4)
FNDA:0,(anonymous_5)
FNDA:0,(anonymous_6)
FNDA:0,(anonymous_7)
FNDA:0,(anonymous_8)
FNDA:20,(anonymous_9)
DA:8,4
DA:9,4
DA:11,4
DA:12,4
DA:13,36
DA:14,36
DA:16,36
DA:17,36
DA:18,36
DA:19,36
DA:24,4
DA:25,4
DA:27,4
DA:32,4
DA:61,4
DA:63,4
DA:97,0
DA:103,0
DA:104,0
DA:105,0
DA:128,20
DA:175,1
LF:22
LH:18
BRDA:16,0,0,36
BRDA:16,0,1,0
BRDA:101,1,0,4
BRDA:101,1,1,0
BRDA:129,2,0,12
BRDA:129,2,1,8
BRF:6
BRH:4
end_of_record
