TN:
SF:components\ThemeContext.js
FN:5,ThemeProvider
FN:8,(anonymous_1)
FN:14,(anonymous_2)
FN:28,useTheme
FNF:4
FNH:2
FNDA:4,ThemeProvider
FNDA:4,(anonymous_1)
FNDA:0,(anonymous_2)
FNDA:0,useTheme
DA:3,5
DA:6,4
DA:8,4
DA:9,4
DA:10,4
DA:11,4
DA:14,4
DA:15,0
DA:16,0
DA:17,0
DA:18,0
DA:21,4
DA:29,0
LF:13
LH:8
BRDA:9,0,0,4
BRDA:9,0,1,4
BRDA:15,1,0,0
BRDA:15,1,1,0
BRF:4
BRH:2
end_of_record
TN:
SF:pages\_app.js
FN:32,MyApp
FNF:1
FNH:1
FNDA:4,MyApp
DA:33,4
DA:35,4
LF:2
LH:2
BRDA:37,0,0,4
BRDA:37,0,1,4
BRF:2
BRH:2
end_of_record
